


ARM Macro Assembler    Page 1 


    1 00000000         ; Amount of memory (in bytes) allocated for Stack
    2 00000000 00000400 
                       Stack_Size
                               EQU              0x00000400
    3 00000000         
    4 00000000                 AREA             STACK, NOINIT, READWRITE, ALIGN
=3
    5 00000000         Stack_Mem
                               SPACE            Stack_Size
    6 00000400         __initial_sp
    7 00000400         
    8 00000400         
    9 00000400         ; Amount of memory (in bytes) allocated for Heap
   10 00000400 00000000 
                       Heap_Size
                               EQU              0x00000000
   11 00000400         
   12 00000400                 AREA             HEAP, NOINIT, READWRITE, ALIGN=
3
   13 00000000         __heap_base
   14 00000000         Heap_Mem
                               SPACE            Heap_Size
   15 00000000         __heap_limit
   16 00000000         
   17 00000000         
   18 00000000                 PRESERVE8
   19 00000000                 THUMB
   20 00000000         
   21 00000000         ; Vector Table Mapped to Address 0 at Reset
   22 00000000                 AREA             RESET, CODE, READONLY
   23 00000000                 EXPORT           __Vectors
   24 00000000                 EXPORT           __Vectors_End
   25 00000000                 EXPORT           __Vectors_Size
   26 00000000         
   27 00000000 00000000 
                       __Vectors
                               DCD              __initial_sp ; Top of Stack
   28 00000004 00000000        DCD              Reset_Handler ; Reset Handler
   29 00000008 00000000        DCD              NMI_Handler ; NMI Handler
   30 0000000C 00000000        DCD              HardFault_Handler ; Hard Fault 
                                                            Handler
   31 00000010 00000000        DCD              0           ; Reserved
   32 00000014 00000000        DCD              0           ; Reserved
   33 00000018 00000000        DCD              0           ; Reserved
   34 0000001C 00000000        DCD              0           ; Reserved
   35 00000020 00000000        DCD              0           ; Reserved
   36 00000024 00000000        DCD              0           ; Reserved
   37 00000028 00000000        DCD              0
   38 0000002C 00000000        DCD              SVC_Handler ; SVCall Handler
   39 00000030 00000000        DCD              0           ; Reserved
   40 00000034 00000000        DCD              0           ; Reserved
   41 00000038 00000000        DCD              PendSV_Handler ; PendSV Handler
                                                            
   42 0000003C 00000000        DCD              SysTick_Handler 
                                                            ; SysTick Handler
   43 00000040         
   44 00000040         ; External Interrupts
   45 00000040 00000000        DCD              UART0_Handler
   46 00000044 00000000        DCD              TIMR0_Handler



ARM Macro Assembler    Page 2 


   47 00000048 00000000        DCD              CORDIC_Handler
   48 0000004C 00000000        DCD              UART1_Handler
   49 00000050 00000000        DCD              PWM1_Handler
   50 00000054 00000000        DCD              TIMR1_Handler
   51 00000058 00000000        DCD              HALL_Handler
   52 0000005C 00000000        DCD              PWM0_Handler
   53 00000060 00000000        DCD              BOD_Handler
   54 00000064 00000000        DCD              PWMBRK_Handler
   55 00000068 00000000        DCD              0
   56 0000006C 00000000        DCD              WDT_Handler
   57 00000070 00000000        DCD              I2C0_Handler
   58 00000074 00000000        DCD              XTALSTOP_Handler
   59 00000078 00000000        DCD              ADC0_Handler
   60 0000007C 00000000        DCD              ACMP_Handler
   61 00000080 00000000        DCD              BTIMR0_Handler
   62 00000084 00000000        DCD              BTIMR1_Handler
   63 00000088 00000000        DCD              BTIMR2_Handler
   64 0000008C 00000000        DCD              BTIMR3_Handler
   65 00000090 00000000        DCD              GPIOA_Handler
   66 00000094 00000000        DCD              GPIOB_Handler
   67 00000098 00000000        DCD              GPIOM_Handler
   68 0000009C 00000000        DCD              GPIOA0_GPIOM0_SPI1_Handler
   69 000000A0 00000000        DCD              GPIOA1_GPIOM1_MPU_Handler
   70 000000A4 00000000        DCD              GPIOA2_GPIOM2_Handler
   71 000000A8 00000000        DCD              GPIOA3_GPIOM3_Handler
   72 000000AC 00000000        DCD              GPIOB0_GPIOA8_TIMR2_Handler
   73 000000B0 00000000        DCD              GPIOB1_GPIOA9_DMA_Handler
   74 000000B4 00000000        DCD              GPIOB2_GPIOA10_CAN0_Handler
   75 000000B8 00000000        DCD              GPIOB3_GPIOA11_SPI0_Handler
   76 000000BC 00000000        DCD              GPIOB4_GPIOB10_QEI_Handler
   77 000000C0         
   78 000000C0         __Vectors_End
   79 000000C0         
   80 000000C0 000000C0 
                       __Vectors_Size
                               EQU              __Vectors_End - __Vectors
   81 000000C0         
   82 000000C0         
   83 000000C0         
   84 000000C0         ;AREA    |.text|, CODE, READONLY
   85 000000C0         
   86 000000C0         Reset_Handler
                               PROC
   87 000000C0                 EXPORT           Reset_Handler             [WEAK
]
   88 000000C0 4814            LDR              R0,=0x4004A00C
   89 000000C2 4915            LDR              R1,=0x00050000
   90 000000C4 6001            STR              R1, [R0]
   91 000000C6                 IMPORT           __main
   92 000000C6 4815            LDR              R0, =__main
   93 000000C8 4700            BX               R0
   94 000000CA                 ENDP
   95 000000CA         
   96 000000CA         ; Dummy Exception Handlers (infinite loops which can be 
                       modified)
   97 000000CA         
   98 000000CA         NMI_Handler
                               PROC
   99 000000CA                 EXPORT           NMI_Handler                [WEA



ARM Macro Assembler    Page 3 


K]
  100 000000CA E7FE            B                .
  101 000000CC                 ENDP
  102 000000CC         
  103 000000CC         HardFault_Handler
                               PROC
  104 000000CC                 EXPORT           HardFault_Handler          [WEA
K]
  105 000000CC E7FE            B                .
  106 000000CE                 ENDP
  107 000000CE         
  108 000000CE         SVC_Handler
                               PROC
  109 000000CE                 EXPORT           SVC_Handler                [WEA
K]
  110 000000CE E7FE            B                .
  111 000000D0                 ENDP
  112 000000D0         
  113 000000D0         PendSV_Handler
                               PROC
  114 000000D0                 EXPORT           PendSV_Handler             [WEA
K]
  115 000000D0 E7FE            B                .
  116 000000D2                 ENDP
  117 000000D2         
  118 000000D2         SysTick_Handler
                               PROC
  119 000000D2                 EXPORT           SysTick_Handler            [WEA
K]
  120 000000D2 E7FE            B                .
  121 000000D4                 ENDP
  122 000000D4         
  123 000000D4         UART0_Handler
                               PROC
  124 000000D4                 EXPORT           UART0_Handler              [WEA
K]
  125 000000D4 E7FE            B                .
  126 000000D6                 ENDP
  127 000000D6         
  128 000000D6         TIMR0_Handler
                               PROC
  129 000000D6                 EXPORT           TIMR0_Handler              [WEA
K]
  130 000000D6 E7FE            B                .
  131 000000D8                 ENDP
  132 000000D8         
  133 000000D8         CORDIC_Handler
                               PROC
  134 000000D8                 EXPORT           CORDIC_Handler             [WEA
K]
  135 000000D8 E7FE            B                .
  136 000000DA                 ENDP
  137 000000DA         
  138 000000DA         UART1_Handler
                               PROC
  139 000000DA                 EXPORT           UART1_Handler              [WEA
K]
  140 000000DA E7FE            B                .
  141 000000DC                 ENDP



ARM Macro Assembler    Page 4 


  142 000000DC         
  143 000000DC         PWM1_Handler
                               PROC
  144 000000DC                 EXPORT           PWM1_Handler               [WEA
K]
  145 000000DC E7FE            B                .
  146 000000DE                 ENDP
  147 000000DE         
  148 000000DE         TIMR1_Handler
                               PROC
  149 000000DE                 EXPORT           TIMR1_Handler              [WEA
K]
  150 000000DE E7FE            B                .
  151 000000E0                 ENDP
  152 000000E0         
  153 000000E0         HALL_Handler
                               PROC
  154 000000E0                 EXPORT           HALL_Handler               [WEA
K]
  155 000000E0 E7FE            B                .
  156 000000E2                 ENDP
  157 000000E2         
  158 000000E2         PWM0_Handler
                               PROC
  159 000000E2                 EXPORT           PWM0_Handler               [WEA
K]
  160 000000E2 E7FE            B                .
  161 000000E4                 ENDP
  162 000000E4         
  163 000000E4         BOD_Handler
                               PROC
  164 000000E4                 EXPORT           BOD_Handler                [WEA
K]
  165 000000E4 E7FE            B                .
  166 000000E6                 ENDP
  167 000000E6         
  168 000000E6         PWMBRK_Handler
                               PROC
  169 000000E6                 EXPORT           PWMBRK_Handler             [WEA
K]
  170 000000E6 E7FE            B                .
  171 000000E8                 ENDP
  172 000000E8         
  173 000000E8         WDT_Handler
                               PROC
  174 000000E8                 EXPORT           WDT_Handler                [WEA
K]
  175 000000E8 E7FE            B                .
  176 000000EA                 ENDP
  177 000000EA         
  178 000000EA         I2C0_Handler
                               PROC
  179 000000EA                 EXPORT           I2C0_Handler               [WEA
K]
  180 000000EA E7FE            B                .
  181 000000EC                 ENDP
  182 000000EC         
  183 000000EC         XTALSTOP_Handler
                               PROC



ARM Macro Assembler    Page 5 


  184 000000EC                 EXPORT           XTALSTOP_Handler           [WEA
K]
  185 000000EC E7FE            B                .
  186 000000EE                 ENDP
  187 000000EE         
  188 000000EE         ADC0_Handler
                               PROC
  189 000000EE                 EXPORT           ADC0_Handler               [WEA
K]
  190 000000EE E7FE            B                .
  191 000000F0                 ENDP
  192 000000F0         
  193 000000F0         ACMP_Handler
                               PROC
  194 000000F0                 EXPORT           ACMP_Handler               [WEA
K]
  195 000000F0 E7FE            B                .
  196 000000F2                 ENDP
  197 000000F2         
  198 000000F2         BTIMR0_Handler
                               PROC
  199 000000F2                 EXPORT           BTIMR0_Handler             [WEA
K]
  200 000000F2 E7FE            B                .
  201 000000F4                 ENDP
  202 000000F4         
  203 000000F4         BTIMR1_Handler
                               PROC
  204 000000F4                 EXPORT           BTIMR1_Handler             [WEA
K]
  205 000000F4 E7FE            B                .
  206 000000F6                 ENDP
  207 000000F6         
  208 000000F6         BTIMR2_Handler
                               PROC
  209 000000F6                 EXPORT           BTIMR2_Handler             [WEA
K]
  210 000000F6 E7FE            B                .
  211 000000F8                 ENDP
  212 000000F8         
  213 000000F8         BTIMR3_Handler
                               PROC
  214 000000F8                 EXPORT           BTIMR3_Handler             [WEA
K]
  215 000000F8 E7FE            B                .
  216 000000FA                 ENDP
  217 000000FA         
  218 000000FA         GPIOA_Handler
                               PROC
  219 000000FA                 EXPORT           GPIOA_Handler              [WEA
K]
  220 000000FA E7FE            B                .
  221 000000FC                 ENDP
  222 000000FC         
  223 000000FC         GPIOB_Handler
                               PROC
  224 000000FC                 EXPORT           GPIOB_Handler              [WEA
K]
  225 000000FC E7FE            B                .



ARM Macro Assembler    Page 6 


  226 000000FE                 ENDP
  227 000000FE         
  228 000000FE         GPIOM_Handler
                               PROC
  229 000000FE                 EXPORT           GPIOM_Handler              [WEA
K]
  230 000000FE E7FE            B                .
  231 00000100                 ENDP
  232 00000100         
  233 00000100         GPIOA0_GPIOM0_SPI1_Handler
                               PROC
  234 00000100                 EXPORT           GPIOA0_GPIOM0_SPI1_Handler [WEA
K]
  235 00000100 E7FE            B                .
  236 00000102                 ENDP
  237 00000102         
  238 00000102         GPIOA1_GPIOM1_MPU_Handler
                               PROC
  239 00000102                 EXPORT           GPIOA1_GPIOM1_MPU_Handler  [WEA
K]
  240 00000102 E7FE            B                .
  241 00000104                 ENDP
  242 00000104         
  243 00000104         GPIOA2_GPIOM2_Handler
                               PROC
  244 00000104                 EXPORT           GPIOA2_GPIOM2_Handler      [WEA
K]
  245 00000104 E7FE            B                .
  246 00000106                 ENDP
  247 00000106         
  248 00000106         GPIOA3_GPIOM3_Handler
                               PROC
  249 00000106                 EXPORT           GPIOA3_GPIOM3_Handler      [WEA
K]
  250 00000106 E7FE            B                .
  251 00000108                 ENDP
  252 00000108         
  253 00000108         GPIOB0_GPIOA8_TIMR2_Handler
                               PROC
  254 00000108                 EXPORT           GPIOB0_GPIOA8_TIMR2_Handler [WE
AK]
  255 00000108 E7FE            B                .
  256 0000010A                 ENDP
  257 0000010A         
  258 0000010A         GPIOB1_GPIOA9_DMA_Handler
                               PROC
  259 0000010A                 EXPORT           GPIOB1_GPIOA9_DMA_Handler   [WE
AK]
  260 0000010A E7FE            B                .
  261 0000010C                 ENDP
  262 0000010C         
  263 0000010C         GPIOB2_GPIOA10_CAN0_Handler
                               PROC
  264 0000010C                 EXPORT           GPIOB2_GPIOA10_CAN0_Handler [WE
AK]
  265 0000010C E7FE            B                .
  266 0000010E                 ENDP
  267 0000010E         
  268 0000010E         GPIOB3_GPIOA11_SPI0_Handler



ARM Macro Assembler    Page 7 


                               PROC
  269 0000010E                 EXPORT           GPIOB3_GPIOA11_SPI0_Handler [WE
AK]
  270 0000010E E7FE            B                .
  271 00000110                 ENDP
  272 00000110         
  273 00000110         GPIOB4_GPIOB10_QEI_Handler
                               PROC
  274 00000110                 EXPORT           GPIOB4_GPIOB10_QEI_Handler  [WE
AK]
  275 00000110 E7FE            B                .
  276 00000112                 ENDP
  277 00000112         
  278 00000112 00 00           ALIGN
  279 00000114         
  280 00000114         
  281 00000114         ;*******************************************************
                       ************************
  282 00000114         ; User Stack and Heap initialization
  283 00000114         ;*******************************************************
                       ************************
  284 00000114                 IF               :DEF:__MICROLIB
  285 00000114         
  286 00000114                 EXPORT           __initial_sp
  287 00000114                 EXPORT           __heap_base
  288 00000114                 EXPORT           __heap_limit
  289 00000114         
  290 00000114                 ELSE
  305                          ENDIF
  306 00000114         
  307 00000114                 END
              4004A00C 
              00050000 
              00000000 
Command Line: --debug --xref --diag_suppress=9931 --cpu=Cortex-M0 --apcs=interw
ork --depend=.\obj\startup_mpf662xx.d -o.\obj\startup_mpf662xx.o -I.\RTE\_MPF66
2xx -IC:\Keil_v5\ARM\CMSIS\Include --predefine="__MICROLIB SETA 1" --predefine=
"__UVISION_VERSION SETA 528" --predefine="CHIP_MPF662xx SETA 1" --list=.\list\s
tartup_mpf662xx.lst ..\..\..\..\..\..\MPF662xx_Firmware_Library\Device\MPS\MPF6
62xx\Source\ARM\startup_mpf662xx.s



ARM Macro Assembler    Page 1 Alphabetic symbol ordering
Relocatable symbols

STACK 00000000

Symbol: STACK
   Definitions
      At line 4 in file ..\..\..\..\..\..\MPF662xx_Firmware_Library\Device\MPS\
MPF662xx\Source\ARM\startup_mpf662xx.s
   Uses
      None
Comment: STACK unused
Stack_Mem 00000000

Symbol: Stack_Mem
   Definitions
      At line 5 in file ..\..\..\..\..\..\MPF662xx_Firmware_Library\Device\MPS\
MPF662xx\Source\ARM\startup_mpf662xx.s
   Uses
      None
Comment: Stack_Mem unused
__initial_sp 00000400

Symbol: __initial_sp
   Definitions
      At line 6 in file ..\..\..\..\..\..\MPF662xx_Firmware_Library\Device\MPS\
MPF662xx\Source\ARM\startup_mpf662xx.s
   Uses
      At line 27 in file ..\..\..\..\..\..\MPF662xx_Firmware_Library\Device\MPS
\MPF662xx\Source\ARM\startup_mpf662xx.s
      At line 286 in file ..\..\..\..\..\..\MPF662xx_Firmware_Library\Device\MP
S\MPF662xx\Source\ARM\startup_mpf662xx.s

3 symbols



ARM Macro Assembler    Page 1 Alphabetic symbol ordering
Relocatable symbols

HEAP 00000000

Symbol: HEAP
   Definitions
      At line 12 in file ..\..\..\..\..\..\MPF662xx_Firmware_Library\Device\MPS
\MPF662xx\Source\ARM\startup_mpf662xx.s
   Uses
      None
Comment: HEAP unused
Heap_Mem 00000000

Symbol: Heap_Mem
   Definitions
      At line 14 in file ..\..\..\..\..\..\MPF662xx_Firmware_Library\Device\MPS
\MPF662xx\Source\ARM\startup_mpf662xx.s
   Uses
      None
Comment: Heap_Mem unused
__heap_base 00000000

Symbol: __heap_base
   Definitions
      At line 13 in file ..\..\..\..\..\..\MPF662xx_Firmware_Library\Device\MPS
\MPF662xx\Source\ARM\startup_mpf662xx.s
   Uses
      At line 287 in file ..\..\..\..\..\..\MPF662xx_Firmware_Library\Device\MP
S\MPF662xx\Source\ARM\startup_mpf662xx.s
Comment: __heap_base used once
__heap_limit 00000000

Symbol: __heap_limit
   Definitions
      At line 15 in file ..\..\..\..\..\..\MPF662xx_Firmware_Library\Device\MPS
\MPF662xx\Source\ARM\startup_mpf662xx.s
   Uses
      At line 288 in file ..\..\..\..\..\..\MPF662xx_Firmware_Library\Device\MP
S\MPF662xx\Source\ARM\startup_mpf662xx.s
Comment: __heap_limit used once
4 symbols



ARM Macro Assembler    Page 1 Alphabetic symbol ordering
Relocatable symbols

ACMP_Handler 000000F0

Symbol: ACMP_Handler
   Definitions
      At line 193 in file ..\..\..\..\..\..\MPF662xx_Firmware_Library\Device\MP
S\MPF662xx\Source\ARM\startup_mpf662xx.s
   Uses
      At line 60 in file ..\..\..\..\..\..\MPF662xx_Firmware_Library\Device\MPS
\MPF662xx\Source\ARM\startup_mpf662xx.s
      At line 194 in file ..\..\..\..\..\..\MPF662xx_Firmware_Library\Device\MP
S\MPF662xx\Source\ARM\startup_mpf662xx.s

ADC0_Handler 000000EE

Symbol: ADC0_Handler
   Definitions
      At line 188 in file ..\..\..\..\..\..\MPF662xx_Firmware_Library\Device\MP
S\MPF662xx\Source\ARM\startup_mpf662xx.s
   Uses
      At line 59 in file ..\..\..\..\..\..\MPF662xx_Firmware_Library\Device\MPS
\MPF662xx\Source\ARM\startup_mpf662xx.s
      At line 189 in file ..\..\..\..\..\..\MPF662xx_Firmware_Library\Device\MP
S\MPF662xx\Source\ARM\startup_mpf662xx.s

BOD_Handler 000000E4

Symbol: BOD_Handler
   Definitions
      At line 163 in file ..\..\..\..\..\..\MPF662xx_Firmware_Library\Device\MP
S\MPF662xx\Source\ARM\startup_mpf662xx.s
   Uses
      At line 53 in file ..\..\..\..\..\..\MPF662xx_Firmware_Library\Device\MPS
\MPF662xx\Source\ARM\startup_mpf662xx.s
      At line 164 in file ..\..\..\..\..\..\MPF662xx_Firmware_Library\Device\MP
S\MPF662xx\Source\ARM\startup_mpf662xx.s

BTIMR0_Handler 000000F2

Symbol: BTIMR0_Handler
   Definitions
      At line 198 in file ..\..\..\..\..\..\MPF662xx_Firmware_Library\Device\MP
S\MPF662xx\Source\ARM\startup_mpf662xx.s
   Uses
      At line 61 in file ..\..\..\..\..\..\MPF662xx_Firmware_Library\Device\MPS
\MPF662xx\Source\ARM\startup_mpf662xx.s
      At line 199 in file ..\..\..\..\..\..\MPF662xx_Firmware_Library\Device\MP
S\MPF662xx\Source\ARM\startup_mpf662xx.s

BTIMR1_Handler 000000F4

Symbol: BTIMR1_Handler
   Definitions
      At line 203 in file ..\..\..\..\..\..\MPF662xx_Firmware_Library\Device\MP
S\MPF662xx\Source\ARM\startup_mpf662xx.s
   Uses
      At line 62 in file ..\..\..\..\..\..\MPF662xx_Firmware_Library\Device\MPS
\MPF662xx\Source\ARM\startup_mpf662xx.s
      At line 204 in file ..\..\..\..\..\..\MPF662xx_Firmware_Library\Device\MP
S\MPF662xx\Source\ARM\startup_mpf662xx.s



ARM Macro Assembler    Page 2 Alphabetic symbol ordering
Relocatable symbols


BTIMR2_Handler 000000F6

Symbol: BTIMR2_Handler
   Definitions
      At line 208 in file ..\..\..\..\..\..\MPF662xx_Firmware_Library\Device\MP
S\MPF662xx\Source\ARM\startup_mpf662xx.s
   Uses
      At line 63 in file ..\..\..\..\..\..\MPF662xx_Firmware_Library\Device\MPS
\MPF662xx\Source\ARM\startup_mpf662xx.s
      At line 209 in file ..\..\..\..\..\..\MPF662xx_Firmware_Library\Device\MP
S\MPF662xx\Source\ARM\startup_mpf662xx.s

BTIMR3_Handler 000000F8

Symbol: BTIMR3_Handler
   Definitions
      At line 213 in file ..\..\..\..\..\..\MPF662xx_Firmware_Library\Device\MP
S\MPF662xx\Source\ARM\startup_mpf662xx.s
   Uses
      At line 64 in file ..\..\..\..\..\..\MPF662xx_Firmware_Library\Device\MPS
\MPF662xx\Source\ARM\startup_mpf662xx.s
      At line 214 in file ..\..\..\..\..\..\MPF662xx_Firmware_Library\Device\MP
S\MPF662xx\Source\ARM\startup_mpf662xx.s

CORDIC_Handler 000000D8

Symbol: CORDIC_Handler
   Definitions
      At line 133 in file ..\..\..\..\..\..\MPF662xx_Firmware_Library\Device\MP
S\MPF662xx\Source\ARM\startup_mpf662xx.s
   Uses
      At line 47 in file ..\..\..\..\..\..\MPF662xx_Firmware_Library\Device\MPS
\MPF662xx\Source\ARM\startup_mpf662xx.s
      At line 134 in file ..\..\..\..\..\..\MPF662xx_Firmware_Library\Device\MP
S\MPF662xx\Source\ARM\startup_mpf662xx.s

GPIOA0_GPIOM0_SPI1_Handler 00000100

Symbol: GPIOA0_GPIOM0_SPI1_Handler
   Definitions
      At line 233 in file ..\..\..\..\..\..\MPF662xx_Firmware_Library\Device\MP
S\MPF662xx\Source\ARM\startup_mpf662xx.s
   Uses
      At line 68 in file ..\..\..\..\..\..\MPF662xx_Firmware_Library\Device\MPS
\MPF662xx\Source\ARM\startup_mpf662xx.s
      At line 234 in file ..\..\..\..\..\..\MPF662xx_Firmware_Library\Device\MP
S\MPF662xx\Source\ARM\startup_mpf662xx.s

GPIOA1_GPIOM1_MPU_Handler 00000102

Symbol: GPIOA1_GPIOM1_MPU_Handler
   Definitions
      At line 238 in file ..\..\..\..\..\..\MPF662xx_Firmware_Library\Device\MP
S\MPF662xx\Source\ARM\startup_mpf662xx.s
   Uses
      At line 69 in file ..\..\..\..\..\..\MPF662xx_Firmware_Library\Device\MPS
\MPF662xx\Source\ARM\startup_mpf662xx.s
      At line 239 in file ..\..\..\..\..\..\MPF662xx_Firmware_Library\Device\MP



ARM Macro Assembler    Page 3 Alphabetic symbol ordering
Relocatable symbols

S\MPF662xx\Source\ARM\startup_mpf662xx.s

GPIOA2_GPIOM2_Handler 00000104

Symbol: GPIOA2_GPIOM2_Handler
   Definitions
      At line 243 in file ..\..\..\..\..\..\MPF662xx_Firmware_Library\Device\MP
S\MPF662xx\Source\ARM\startup_mpf662xx.s
   Uses
      At line 70 in file ..\..\..\..\..\..\MPF662xx_Firmware_Library\Device\MPS
\MPF662xx\Source\ARM\startup_mpf662xx.s
      At line 244 in file ..\..\..\..\..\..\MPF662xx_Firmware_Library\Device\MP
S\MPF662xx\Source\ARM\startup_mpf662xx.s

GPIOA3_GPIOM3_Handler 00000106

Symbol: GPIOA3_GPIOM3_Handler
   Definitions
      At line 248 in file ..\..\..\..\..\..\MPF662xx_Firmware_Library\Device\MP
S\MPF662xx\Source\ARM\startup_mpf662xx.s
   Uses
      At line 71 in file ..\..\..\..\..\..\MPF662xx_Firmware_Library\Device\MPS
\MPF662xx\Source\ARM\startup_mpf662xx.s
      At line 249 in file ..\..\..\..\..\..\MPF662xx_Firmware_Library\Device\MP
S\MPF662xx\Source\ARM\startup_mpf662xx.s

GPIOA_Handler 000000FA

Symbol: GPIOA_Handler
   Definitions
      At line 218 in file ..\..\..\..\..\..\MPF662xx_Firmware_Library\Device\MP
S\MPF662xx\Source\ARM\startup_mpf662xx.s
   Uses
      At line 65 in file ..\..\..\..\..\..\MPF662xx_Firmware_Library\Device\MPS
\MPF662xx\Source\ARM\startup_mpf662xx.s
      At line 219 in file ..\..\..\..\..\..\MPF662xx_Firmware_Library\Device\MP
S\MPF662xx\Source\ARM\startup_mpf662xx.s

GPIOB0_GPIOA8_TIMR2_Handler 00000108

Symbol: GPIOB0_GPIOA8_TIMR2_Handler
   Definitions
      At line 253 in file ..\..\..\..\..\..\MPF662xx_Firmware_Library\Device\MP
S\MPF662xx\Source\ARM\startup_mpf662xx.s
   Uses
      At line 72 in file ..\..\..\..\..\..\MPF662xx_Firmware_Library\Device\MPS
\MPF662xx\Source\ARM\startup_mpf662xx.s
      At line 254 in file ..\..\..\..\..\..\MPF662xx_Firmware_Library\Device\MP
S\MPF662xx\Source\ARM\startup_mpf662xx.s

GPIOB1_GPIOA9_DMA_Handler 0000010A

Symbol: GPIOB1_GPIOA9_DMA_Handler
   Definitions
      At line 258 in file ..\..\..\..\..\..\MPF662xx_Firmware_Library\Device\MP
S\MPF662xx\Source\ARM\startup_mpf662xx.s
   Uses
      At line 73 in file ..\..\..\..\..\..\MPF662xx_Firmware_Library\Device\MPS
\MPF662xx\Source\ARM\startup_mpf662xx.s



ARM Macro Assembler    Page 4 Alphabetic symbol ordering
Relocatable symbols

      At line 259 in file ..\..\..\..\..\..\MPF662xx_Firmware_Library\Device\MP
S\MPF662xx\Source\ARM\startup_mpf662xx.s

GPIOB2_GPIOA10_CAN0_Handler 0000010C

Symbol: GPIOB2_GPIOA10_CAN0_Handler
   Definitions
      At line 263 in file ..\..\..\..\..\..\MPF662xx_Firmware_Library\Device\MP
S\MPF662xx\Source\ARM\startup_mpf662xx.s
   Uses
      At line 74 in file ..\..\..\..\..\..\MPF662xx_Firmware_Library\Device\MPS
\MPF662xx\Source\ARM\startup_mpf662xx.s
      At line 264 in file ..\..\..\..\..\..\MPF662xx_Firmware_Library\Device\MP
S\MPF662xx\Source\ARM\startup_mpf662xx.s

GPIOB3_GPIOA11_SPI0_Handler 0000010E

Symbol: GPIOB3_GPIOA11_SPI0_Handler
   Definitions
      At line 268 in file ..\..\..\..\..\..\MPF662xx_Firmware_Library\Device\MP
S\MPF662xx\Source\ARM\startup_mpf662xx.s
   Uses
      At line 75 in file ..\..\..\..\..\..\MPF662xx_Firmware_Library\Device\MPS
\MPF662xx\Source\ARM\startup_mpf662xx.s
      At line 269 in file ..\..\..\..\..\..\MPF662xx_Firmware_Library\Device\MP
S\MPF662xx\Source\ARM\startup_mpf662xx.s

GPIOB4_GPIOB10_QEI_Handler 00000110

Symbol: GPIOB4_GPIOB10_QEI_Handler
   Definitions
      At line 273 in file ..\..\..\..\..\..\MPF662xx_Firmware_Library\Device\MP
S\MPF662xx\Source\ARM\startup_mpf662xx.s
   Uses
      At line 76 in file ..\..\..\..\..\..\MPF662xx_Firmware_Library\Device\MPS
\MPF662xx\Source\ARM\startup_mpf662xx.s
      At line 274 in file ..\..\..\..\..\..\MPF662xx_Firmware_Library\Device\MP
S\MPF662xx\Source\ARM\startup_mpf662xx.s

GPIOB_Handler 000000FC

Symbol: GPIOB_Handler
   Definitions
      At line 223 in file ..\..\..\..\..\..\MPF662xx_Firmware_Library\Device\MP
S\MPF662xx\Source\ARM\startup_mpf662xx.s
   Uses
      At line 66 in file ..\..\..\..\..\..\MPF662xx_Firmware_Library\Device\MPS
\MPF662xx\Source\ARM\startup_mpf662xx.s
      At line 224 in file ..\..\..\..\..\..\MPF662xx_Firmware_Library\Device\MP
S\MPF662xx\Source\ARM\startup_mpf662xx.s

GPIOM_Handler 000000FE

Symbol: GPIOM_Handler
   Definitions
      At line 228 in file ..\..\..\..\..\..\MPF662xx_Firmware_Library\Device\MP
S\MPF662xx\Source\ARM\startup_mpf662xx.s
   Uses
      At line 67 in file ..\..\..\..\..\..\MPF662xx_Firmware_Library\Device\MPS



ARM Macro Assembler    Page 5 Alphabetic symbol ordering
Relocatable symbols

\MPF662xx\Source\ARM\startup_mpf662xx.s
      At line 229 in file ..\..\..\..\..\..\MPF662xx_Firmware_Library\Device\MP
S\MPF662xx\Source\ARM\startup_mpf662xx.s

HALL_Handler 000000E0

Symbol: HALL_Handler
   Definitions
      At line 153 in file ..\..\..\..\..\..\MPF662xx_Firmware_Library\Device\MP
S\MPF662xx\Source\ARM\startup_mpf662xx.s
   Uses
      At line 51 in file ..\..\..\..\..\..\MPF662xx_Firmware_Library\Device\MPS
\MPF662xx\Source\ARM\startup_mpf662xx.s
      At line 154 in file ..\..\..\..\..\..\MPF662xx_Firmware_Library\Device\MP
S\MPF662xx\Source\ARM\startup_mpf662xx.s

HardFault_Handler 000000CC

Symbol: HardFault_Handler
   Definitions
      At line 103 in file ..\..\..\..\..\..\MPF662xx_Firmware_Library\Device\MP
S\MPF662xx\Source\ARM\startup_mpf662xx.s
   Uses
      At line 30 in file ..\..\..\..\..\..\MPF662xx_Firmware_Library\Device\MPS
\MPF662xx\Source\ARM\startup_mpf662xx.s
      At line 104 in file ..\..\..\..\..\..\MPF662xx_Firmware_Library\Device\MP
S\MPF662xx\Source\ARM\startup_mpf662xx.s

I2C0_Handler 000000EA

Symbol: I2C0_Handler
   Definitions
      At line 178 in file ..\..\..\..\..\..\MPF662xx_Firmware_Library\Device\MP
S\MPF662xx\Source\ARM\startup_mpf662xx.s
   Uses
      At line 57 in file ..\..\..\..\..\..\MPF662xx_Firmware_Library\Device\MPS
\MPF662xx\Source\ARM\startup_mpf662xx.s
      At line 179 in file ..\..\..\..\..\..\MPF662xx_Firmware_Library\Device\MP
S\MPF662xx\Source\ARM\startup_mpf662xx.s

NMI_Handler 000000CA

Symbol: NMI_Handler
   Definitions
      At line 98 in file ..\..\..\..\..\..\MPF662xx_Firmware_Library\Device\MPS
\MPF662xx\Source\ARM\startup_mpf662xx.s
   Uses
      At line 29 in file ..\..\..\..\..\..\MPF662xx_Firmware_Library\Device\MPS
\MPF662xx\Source\ARM\startup_mpf662xx.s
      At line 99 in file ..\..\..\..\..\..\MPF662xx_Firmware_Library\Device\MPS
\MPF662xx\Source\ARM\startup_mpf662xx.s

PWM0_Handler 000000E2

Symbol: PWM0_Handler
   Definitions
      At line 158 in file ..\..\..\..\..\..\MPF662xx_Firmware_Library\Device\MP
S\MPF662xx\Source\ARM\startup_mpf662xx.s
   Uses



ARM Macro Assembler    Page 6 Alphabetic symbol ordering
Relocatable symbols

      At line 52 in file ..\..\..\..\..\..\MPF662xx_Firmware_Library\Device\MPS
\MPF662xx\Source\ARM\startup_mpf662xx.s
      At line 159 in file ..\..\..\..\..\..\MPF662xx_Firmware_Library\Device\MP
S\MPF662xx\Source\ARM\startup_mpf662xx.s

PWM1_Handler 000000DC

Symbol: PWM1_Handler
   Definitions
      At line 143 in file ..\..\..\..\..\..\MPF662xx_Firmware_Library\Device\MP
S\MPF662xx\Source\ARM\startup_mpf662xx.s
   Uses
      At line 49 in file ..\..\..\..\..\..\MPF662xx_Firmware_Library\Device\MPS
\MPF662xx\Source\ARM\startup_mpf662xx.s
      At line 144 in file ..\..\..\..\..\..\MPF662xx_Firmware_Library\Device\MP
S\MPF662xx\Source\ARM\startup_mpf662xx.s

PWMBRK_Handler 000000E6

Symbol: PWMBRK_Handler
   Definitions
      At line 168 in file ..\..\..\..\..\..\MPF662xx_Firmware_Library\Device\MP
S\MPF662xx\Source\ARM\startup_mpf662xx.s
   Uses
      At line 54 in file ..\..\..\..\..\..\MPF662xx_Firmware_Library\Device\MPS
\MPF662xx\Source\ARM\startup_mpf662xx.s
      At line 169 in file ..\..\..\..\..\..\MPF662xx_Firmware_Library\Device\MP
S\MPF662xx\Source\ARM\startup_mpf662xx.s

PendSV_Handler 000000D0

Symbol: PendSV_Handler
   Definitions
      At line 113 in file ..\..\..\..\..\..\MPF662xx_Firmware_Library\Device\MP
S\MPF662xx\Source\ARM\startup_mpf662xx.s
   Uses
      At line 41 in file ..\..\..\..\..\..\MPF662xx_Firmware_Library\Device\MPS
\MPF662xx\Source\ARM\startup_mpf662xx.s
      At line 114 in file ..\..\..\..\..\..\MPF662xx_Firmware_Library\Device\MP
S\MPF662xx\Source\ARM\startup_mpf662xx.s

RESET 00000000

Symbol: RESET
   Definitions
      At line 22 in file ..\..\..\..\..\..\MPF662xx_Firmware_Library\Device\MPS
\MPF662xx\Source\ARM\startup_mpf662xx.s
   Uses
      None
Comment: RESET unused
Reset_Handler 000000C0

Symbol: Reset_Handler
   Definitions
      At line 86 in file ..\..\..\..\..\..\MPF662xx_Firmware_Library\Device\MPS
\MPF662xx\Source\ARM\startup_mpf662xx.s
   Uses
      At line 28 in file ..\..\..\..\..\..\MPF662xx_Firmware_Library\Device\MPS
\MPF662xx\Source\ARM\startup_mpf662xx.s



ARM Macro Assembler    Page 7 Alphabetic symbol ordering
Relocatable symbols

      At line 87 in file ..\..\..\..\..\..\MPF662xx_Firmware_Library\Device\MPS
\MPF662xx\Source\ARM\startup_mpf662xx.s

SVC_Handler 000000CE

Symbol: SVC_Handler
   Definitions
      At line 108 in file ..\..\..\..\..\..\MPF662xx_Firmware_Library\Device\MP
S\MPF662xx\Source\ARM\startup_mpf662xx.s
   Uses
      At line 38 in file ..\..\..\..\..\..\MPF662xx_Firmware_Library\Device\MPS
\MPF662xx\Source\ARM\startup_mpf662xx.s
      At line 109 in file ..\..\..\..\..\..\MPF662xx_Firmware_Library\Device\MP
S\MPF662xx\Source\ARM\startup_mpf662xx.s

SysTick_Handler 000000D2

Symbol: SysTick_Handler
   Definitions
      At line 118 in file ..\..\..\..\..\..\MPF662xx_Firmware_Library\Device\MP
S\MPF662xx\Source\ARM\startup_mpf662xx.s
   Uses
      At line 42 in file ..\..\..\..\..\..\MPF662xx_Firmware_Library\Device\MPS
\MPF662xx\Source\ARM\startup_mpf662xx.s
      At line 119 in file ..\..\..\..\..\..\MPF662xx_Firmware_Library\Device\MP
S\MPF662xx\Source\ARM\startup_mpf662xx.s

TIMR0_Handler 000000D6

Symbol: TIMR0_Handler
   Definitions
      At line 128 in file ..\..\..\..\..\..\MPF662xx_Firmware_Library\Device\MP
S\MPF662xx\Source\ARM\startup_mpf662xx.s
   Uses
      At line 46 in file ..\..\..\..\..\..\MPF662xx_Firmware_Library\Device\MPS
\MPF662xx\Source\ARM\startup_mpf662xx.s
      At line 129 in file ..\..\..\..\..\..\MPF662xx_Firmware_Library\Device\MP
S\MPF662xx\Source\ARM\startup_mpf662xx.s

TIMR1_Handler 000000DE

Symbol: TIMR1_Handler
   Definitions
      At line 148 in file ..\..\..\..\..\..\MPF662xx_Firmware_Library\Device\MP
S\MPF662xx\Source\ARM\startup_mpf662xx.s
   Uses
      At line 50 in file ..\..\..\..\..\..\MPF662xx_Firmware_Library\Device\MPS
\MPF662xx\Source\ARM\startup_mpf662xx.s
      At line 149 in file ..\..\..\..\..\..\MPF662xx_Firmware_Library\Device\MP
S\MPF662xx\Source\ARM\startup_mpf662xx.s

UART0_Handler 000000D4

Symbol: UART0_Handler
   Definitions
      At line 123 in file ..\..\..\..\..\..\MPF662xx_Firmware_Library\Device\MP
S\MPF662xx\Source\ARM\startup_mpf662xx.s
   Uses
      At line 45 in file ..\..\..\..\..\..\MPF662xx_Firmware_Library\Device\MPS



ARM Macro Assembler    Page 8 Alphabetic symbol ordering
Relocatable symbols

\MPF662xx\Source\ARM\startup_mpf662xx.s
      At line 124 in file ..\..\..\..\..\..\MPF662xx_Firmware_Library\Device\MP
S\MPF662xx\Source\ARM\startup_mpf662xx.s

UART1_Handler 000000DA

Symbol: UART1_Handler
   Definitions
      At line 138 in file ..\..\..\..\..\..\MPF662xx_Firmware_Library\Device\MP
S\MPF662xx\Source\ARM\startup_mpf662xx.s
   Uses
      At line 48 in file ..\..\..\..\..\..\MPF662xx_Firmware_Library\Device\MPS
\MPF662xx\Source\ARM\startup_mpf662xx.s
      At line 139 in file ..\..\..\..\..\..\MPF662xx_Firmware_Library\Device\MP
S\MPF662xx\Source\ARM\startup_mpf662xx.s

WDT_Handler 000000E8

Symbol: WDT_Handler
   Definitions
      At line 173 in file ..\..\..\..\..\..\MPF662xx_Firmware_Library\Device\MP
S\MPF662xx\Source\ARM\startup_mpf662xx.s
   Uses
      At line 56 in file ..\..\..\..\..\..\MPF662xx_Firmware_Library\Device\MPS
\MPF662xx\Source\ARM\startup_mpf662xx.s
      At line 174 in file ..\..\..\..\..\..\MPF662xx_Firmware_Library\Device\MP
S\MPF662xx\Source\ARM\startup_mpf662xx.s

XTALSTOP_Handler 000000EC

Symbol: XTALSTOP_Handler
   Definitions
      At line 183 in file ..\..\..\..\..\..\MPF662xx_Firmware_Library\Device\MP
S\MPF662xx\Source\ARM\startup_mpf662xx.s
   Uses
      At line 58 in file ..\..\..\..\..\..\MPF662xx_Firmware_Library\Device\MPS
\MPF662xx\Source\ARM\startup_mpf662xx.s
      At line 184 in file ..\..\..\..\..\..\MPF662xx_Firmware_Library\Device\MP
S\MPF662xx\Source\ARM\startup_mpf662xx.s

__Vectors 00000000

Symbol: __Vectors
   Definitions
      At line 27 in file ..\..\..\..\..\..\MPF662xx_Firmware_Library\Device\MPS
\MPF662xx\Source\ARM\startup_mpf662xx.s
   Uses
      At line 23 in file ..\..\..\..\..\..\MPF662xx_Firmware_Library\Device\MPS
\MPF662xx\Source\ARM\startup_mpf662xx.s
      At line 80 in file ..\..\..\..\..\..\MPF662xx_Firmware_Library\Device\MPS
\MPF662xx\Source\ARM\startup_mpf662xx.s

__Vectors_End 000000C0

Symbol: __Vectors_End
   Definitions
      At line 78 in file ..\..\..\..\..\..\MPF662xx_Firmware_Library\Device\MPS
\MPF662xx\Source\ARM\startup_mpf662xx.s
   Uses



ARM Macro Assembler    Page 9 Alphabetic symbol ordering
Relocatable symbols

      At line 24 in file ..\..\..\..\..\..\MPF662xx_Firmware_Library\Device\MPS
\MPF662xx\Source\ARM\startup_mpf662xx.s
      At line 80 in file ..\..\..\..\..\..\MPF662xx_Firmware_Library\Device\MPS
\MPF662xx\Source\ARM\startup_mpf662xx.s

40 symbols



ARM Macro Assembler    Page 1 Alphabetic symbol ordering
Absolute symbols

Heap_Size 00000000

Symbol: Heap_Size
   Definitions
      At line 10 in file ..\..\..\..\..\..\MPF662xx_Firmware_Library\Device\MPS
\MPF662xx\Source\ARM\startup_mpf662xx.s
   Uses
      At line 14 in file ..\..\..\..\..\..\MPF662xx_Firmware_Library\Device\MPS
\MPF662xx\Source\ARM\startup_mpf662xx.s
Comment: Heap_Size used once
Stack_Size 00000400

Symbol: Stack_Size
   Definitions
      At line 2 in file ..\..\..\..\..\..\MPF662xx_Firmware_Library\Device\MPS\
MPF662xx\Source\ARM\startup_mpf662xx.s
   Uses
      At line 5 in file ..\..\..\..\..\..\MPF662xx_Firmware_Library\Device\MPS\
MPF662xx\Source\ARM\startup_mpf662xx.s
Comment: Stack_Size used once
__Vectors_Size 000000C0

Symbol: __Vectors_Size
   Definitions
      At line 80 in file ..\..\..\..\..\..\MPF662xx_Firmware_Library\Device\MPS
\MPF662xx\Source\ARM\startup_mpf662xx.s
   Uses
      At line 25 in file ..\..\..\..\..\..\MPF662xx_Firmware_Library\Device\MPS
\MPF662xx\Source\ARM\startup_mpf662xx.s
Comment: __Vectors_Size used once
3 symbols



ARM Macro Assembler    Page 1 Alphabetic symbol ordering
External symbols

__main 00000000

Symbol: __main
   Definitions
      At line 91 in file ..\..\..\..\..\..\MPF662xx_Firmware_Library\Device\MPS
\MPF662xx\Source\ARM\startup_mpf662xx.s
   Uses
      At line 92 in file ..\..\..\..\..\..\MPF662xx_Firmware_Library\Device\MPS
\MPF662xx\Source\ARM\startup_mpf662xx.s
Comment: __main used once
1 symbol
386 symbols in table
